<?xml version="1.0" encoding="UTF-8"?>
<!-- Generated by org.testng.reporters.JUnitReportReporter -->
<testsuite hostname="Aakash-PC" failures="0" tests="1" name="runners.API_TestRunner_Tests" time="0.146" errors="0" timestamp="2021-10-03T16:47:45 CEST" skipped="0">
  <testcase classname="runners.API_TestRunner_Tests" name="runScenario" time="0.146"/>
  <system-out/>
</testsuite> <!-- runners.API_TestRunner_Tests -->
